2005.11.15 19:35 A C:\users\Matthew\webpage\matthew.html --> dccsig.org /www/dccsig.org/mjb matthew.html
2005.11.15 19:37 B C:\users\Matthew\webpage\matthew.jpg --> dccsig.org /www/dccsig.org/mjb matthew.jpg
2005.11.15 19:38 B C:\users\Matthew\webpage\Africa.jpg --> dccsig.org /www/dccsig.org/mjb Africa.jpg
2005.11.15 19:38 B C:\users\Matthew\webpage\africa_big.gif --> dccsig.org /www/dccsig.org/mjb africa_big.gif
2005.11.15 19:38 B C:\users\Matthew\webpage\back-arrow.jpg --> dccsig.org /www/dccsig.org/mjb back-arrow.jpg
2005.11.15 19:38 B C:\users\Matthew\webpage\Cats-n-Kittens.ppt --> dccsig.org /www/dccsig.org/mjb Cats-n-Kittens.ppt
2005.11.15 19:38 B C:\users\Matthew\webpage\lego-chip-photo.jpg --> dccsig.org /www/dccsig.org/mjb lego-chip-photo.jpg
2005.11.15 19:38 B C:\users\Matthew\webpage\lego-chip.jpg --> dccsig.org /www/dccsig.org/mjb lego-chip.jpg
2005.11.15 19:38 B C:\users\Matthew\webpage\My-Number10.ppt --> dccsig.org /www/dccsig.org/mjb My-Number10.ppt
2005.11.15 19:38 B C:\users\Matthew\webpage\red-lego.jpg --> dccsig.org /www/dccsig.org/mjb red-lego.jpg
2005.11.15 19:38 A C:\users\Matthew\webpage\africa.html --> dccsig.org /www/dccsig.org/mjb africa.html
2005.11.15 19:39 A C:\users\Matthew\webpage\cheetah.htm --> dccsig.org /www/dccsig.org/mjb cheetah.htm
2005.11.15 19:39 A C:\users\Matthew\webpage\howto.html --> dccsig.org /www/dccsig.org/mjb howto.html
2005.11.15 19:39 A C:\users\Matthew\webpage\legos.html --> dccsig.org /www/dccsig.org/mjb legos.html
2005.11.23 11:38 A C:\users\Matthew\webpage\howto.html --> dccsig.org /www/dccsig.org/mjb howto.html
2005.11.23 11:38 A C:\users\Matthew\webpage\legos.html --> dccsig.org /www/dccsig.org/mjb legos.html
2005.11.23 11:38 A C:\users\Matthew\webpage\cheetah.htm --> dccsig.org /www/dccsig.org/mjb cheetah.htm
2005.11.23 11:38 A C:\users\Matthew\webpage\africa.html --> dccsig.org /www/dccsig.org/mjb africa.html
2005.11.23 11:40 A C:\users\Matthew\webpage\index.html --> dccsig.org /www/dccsig.org/mjb index.html
2006.01.12 19:51 A F:\webpage\howto.html --> dccsig.org /www/dccsig.org/mjb howto.html
2006.01.12 19:51 A F:\webpage\index.html --> dccsig.org /www/dccsig.org/mjb index.html
2006.01.12 19:51 A F:\webpage\color.html --> dccsig.org /www/dccsig.org/mjb color.html
2006.01.12 20:01 A F:\webpage\howto.html --> dccsig.org /www/dccsig.org/mjb howto.html
2006.02.16 19:44 A F:\webpage\legos.html --> dccsig.org /www/dccsig.org/mjb legos.html
2006.02.16 19:44 A F:\webpage\index.html --> dccsig.org /www/dccsig.org/mjb index.html
